<?xml version="1.0" encoding="UTF-8"?>
<testng-results ignored="0" total="3" passed="3" failed="0" skipped="0">
  <reporter-output>
  </reporter-output>
  <suite started-at="2026-01-28T09:40:53 UTC" name="Default suite" finished-at="2026-01-28T09:40:57 UTC" duration-ms="4253">
    <groups>
    </groups>
    <test started-at="2026-01-28T09:40:53 UTC" name="Default test" finished-at="2026-01-28T09:40:57 UTC" duration-ms="4253">
      <class name="tests.Test4">
        <test-method signature="testDelete()[pri:0, instance:tests.Test4@7c729a55]" started-at="2026-01-28T09:40:53 UTC" name="testDelete" finished-at="2026-01-28T09:40:56 UTC" duration-ms="3261" status="PASS">
          <reporter-output>
          </reporter-output>
        </test-method> <!-- testDelete -->
        <test-method signature="testPatch()[pri:0, instance:tests.Test4@7c729a55]" started-at="2026-01-28T09:40:56 UTC" name="testPatch" finished-at="2026-01-28T09:40:57 UTC" duration-ms="523" status="PASS">
          <reporter-output>
          </reporter-output>
        </test-method> <!-- testPatch -->
        <test-method signature="testPut()[pri:0, instance:tests.Test4@7c729a55]" started-at="2026-01-28T09:40:57 UTC" name="testPut" finished-at="2026-01-28T09:40:57 UTC" duration-ms="398" status="PASS">
          <reporter-output>
          </reporter-output>
        </test-method> <!-- testPut -->
      </class> <!-- tests.Test4 -->
    </test> <!-- Default test -->
  </suite> <!-- Default suite -->
</testng-results>
