<?xml version="1.0" encoding="UTF-8"?>
<!-- Generated by org.testng.reporters.JUnitReportReporter -->
<testsuite hostname="ip-172-31-4-50" failures="0" tests="2" name="tests.JsonPlaceholderPutDeleteTests" time="4.844" errors="0" timestamp="2026-01-28T12:13:38 UTC" skipped="0">
  <testcase classname="tests.JsonPlaceholderPutDeleteTests" name="updatePost" time="1.974"/>
  <testcase classname="tests.JsonPlaceholderPutDeleteTests" name="deletePost" time="2.870"/>
</testsuite> <!-- tests.JsonPlaceholderPutDeleteTests -->
