<?xml version="1.0" encoding="UTF-8"?>
<!-- Generated by org.testng.reporters.JUnitReportReporter -->
<testsuite hostname="ip-172-31-4-50" failures="0" tests="2" name="tests.JsonPlaceholderGetPostTests" time="0.514" errors="0" timestamp="2026-01-28T12:13:38 UTC" skipped="0">
  <testcase classname="tests.JsonPlaceholderGetPostTests" name="createPost" time="0.450"/>
  <testcase classname="tests.JsonPlaceholderGetPostTests" name="getSinglePost" time="0.064"/>
</testsuite> <!-- tests.JsonPlaceholderGetPostTests -->
