<?xml version="1.0" encoding="UTF-8"?>
<!-- Generated by org.testng.reporters.JUnitXMLReporter -->
<testsuite ignored="0" hostname="ip-172-31-4-50" failures="0" tests="4" name="Default test" time="5.418" errors="0" timestamp="2026-01-28T12:13:38 UTC">
  <testcase classname="tests.JsonPlaceholderPutDeleteTests" name="deletePost" time="2.87"/>
  <testcase classname="tests.JsonPlaceholderPutDeleteTests" name="updatePost" time="1.974"/>
  <testcase classname="tests.JsonPlaceholderGetPostTests" name="createPost" time="0.45"/>
  <testcase classname="tests.JsonPlaceholderGetPostTests" name="getSinglePost" time="0.064"/>
</testsuite> <!-- Default test -->
