<?xml version="1.0" encoding="UTF-8"?>
<testng-results ignored="0" total="2" passed="2" failed="0" skipped="0">
  <reporter-output>
  </reporter-output>
  <suite started-at="2026-01-28T22:23:22 UTC" name="Bookswagon Suite" finished-at="2026-01-28T22:23:35 UTC" duration-ms="12639">
    <groups>
    </groups>
    <test started-at="2026-01-28T22:23:22 UTC" name="Sample Test" finished-at="2026-01-28T22:23:35 UTC" duration-ms="12639">
      <class name="tests.SampleTest">
        <test-method is-config="true" signature="setUp()[pri:0, instance:tests.SampleTest@293a5bf6]" started-at="2026-01-28T22:23:22 UTC" name="setUp" finished-at="2026-01-28T22:23:25 UTC" duration-ms="2439" status="PASS">
          <reporter-output>
          </reporter-output>
        </test-method> <!-- setUp -->
        <test-method signature="openBookswagonAndVerifyTitle()[pri:0, instance:tests.SampleTest@293a5bf6]" started-at="2026-01-28T22:23:25 UTC" name="openBookswagonAndVerifyTitle" finished-at="2026-01-28T22:23:28 UTC" duration-ms="3718" status="PASS">
          <reporter-output>
          </reporter-output>
        </test-method> <!-- openBookswagonAndVerifyTitle -->
        <test-method is-config="true" signature="tearDown()[pri:0, instance:tests.SampleTest@293a5bf6]" started-at="2026-01-28T22:23:28 UTC" name="tearDown" finished-at="2026-01-28T22:23:29 UTC" duration-ms="483" status="PASS">
          <reporter-output>
          </reporter-output>
        </test-method> <!-- tearDown -->
      </class> <!-- tests.SampleTest -->
      <class name="tests.HomePageTest">
        <test-method is-config="true" signature="setUp()[pri:0, instance:tests.HomePageTest@5e0e82ae]" started-at="2026-01-28T22:23:29 UTC" name="setUp" finished-at="2026-01-28T22:23:30 UTC" duration-ms="1247" status="PASS">
          <reporter-output>
          </reporter-output>
        </test-method> <!-- setUp -->
        <test-method signature="openHomeAndGoToLogin()[pri:0, instance:tests.HomePageTest@5e0e82ae]" started-at="2026-01-28T22:23:30 UTC" name="openHomeAndGoToLogin" finished-at="2026-01-28T22:23:35 UTC" duration-ms="4536" status="PASS">
          <reporter-output>
          </reporter-output>
        </test-method> <!-- openHomeAndGoToLogin -->
        <test-method is-config="true" signature="tearDown()[pri:0, instance:tests.HomePageTest@5e0e82ae]" started-at="2026-01-28T22:23:35 UTC" name="tearDown" finished-at="2026-01-28T22:23:35 UTC" duration-ms="159" status="PASS">
          <reporter-output>
          </reporter-output>
        </test-method> <!-- tearDown -->
      </class> <!-- tests.HomePageTest -->
    </test> <!-- Sample Test -->
  </suite> <!-- Bookswagon Suite -->
</testng-results>
