<?xml version="1.0" encoding="UTF-8"?>
<testng-results ignored="0" total="1" passed="1" failed="0" skipped="0">
  <reporter-output>
  </reporter-output>
  <suite started-at="2026-01-29T11:41:43 UTC" name="Default suite" finished-at="2026-01-29T11:42:39 UTC" duration-ms="56445">
    <groups>
    </groups>
    <test started-at="2026-01-29T11:41:43 UTC" name="Default test" finished-at="2026-01-29T11:42:39 UTC" duration-ms="56445">
      <class name="tests.LoginTest">
        <test-method is-config="true" signature="setUp()[pri:0, instance:tests.LoginTest@42a48628]" started-at="2026-01-29T11:41:43 UTC" name="setUp" finished-at="2026-01-29T11:41:46 UTC" duration-ms="2631" status="PASS">
          <reporter-output>
          </reporter-output>
        </test-method> <!-- setUp -->
        <test-method signature="loginSearchFirstBookBuyNowAddressReviewPayment()[pri:0, instance:tests.LoginTest@42a48628]" started-at="2026-01-29T11:41:46 UTC" name="loginSearchFirstBookBuyNowAddressReviewPayment" finished-at="2026-01-29T11:42:39 UTC" duration-ms="53206" status="PASS">
          <reporter-output>
          </reporter-output>
        </test-method> <!-- loginSearchFirstBookBuyNowAddressReviewPayment -->
        <test-method is-config="true" signature="tearDown()[pri:0, instance:tests.LoginTest@42a48628]" started-at="2026-01-29T11:42:39 UTC" name="tearDown" finished-at="2026-01-29T11:42:39 UTC" duration-ms="553" status="PASS">
          <reporter-output>
          </reporter-output>
        </test-method> <!-- tearDown -->
      </class> <!-- tests.LoginTest -->
    </test> <!-- Default test -->
  </suite> <!-- Default suite -->
</testng-results>
