<?xml version="1.0" encoding="UTF-8"?>
<testng-results ignored="0" total="4" passed="4" failed="0" skipped="0">
  <reporter-output>
  </reporter-output>
  <suite started-at="2026-01-28T12:13:32 UTC" name="Default suite" finished-at="2026-01-28T12:13:38 UTC" duration-ms="5418">
    <groups>
    </groups>
    <test started-at="2026-01-28T12:13:32 UTC" name="Default test" finished-at="2026-01-28T12:13:38 UTC" duration-ms="5418">
      <class name="tests.JsonPlaceholderPutDeleteTests">
        <test-method signature="deletePost()[pri:0, instance:tests.JsonPlaceholderPutDeleteTests@6b927fb]" started-at="2026-01-28T12:13:32 UTC" name="deletePost" finished-at="2026-01-28T12:13:35 UTC" duration-ms="2870" status="PASS">
          <reporter-output>
          </reporter-output>
        </test-method> <!-- deletePost -->
        <test-method signature="updatePost()[pri:0, instance:tests.JsonPlaceholderPutDeleteTests@6b927fb]" started-at="2026-01-28T12:13:35 UTC" name="updatePost" finished-at="2026-01-28T12:13:37 UTC" duration-ms="1974" status="PASS">
          <reporter-output>
          </reporter-output>
        </test-method> <!-- updatePost -->
      </class> <!-- tests.JsonPlaceholderPutDeleteTests -->
      <class name="tests.JsonPlaceholderGetPostTests">
        <test-method signature="createPost()[pri:0, instance:tests.JsonPlaceholderGetPostTests@6379eb]" started-at="2026-01-28T12:13:37 UTC" name="createPost" finished-at="2026-01-28T12:13:38 UTC" duration-ms="450" status="PASS">
          <reporter-output>
          </reporter-output>
        </test-method> <!-- createPost -->
        <test-method signature="getSinglePost()[pri:0, instance:tests.JsonPlaceholderGetPostTests@6379eb]" started-at="2026-01-28T12:13:38 UTC" name="getSinglePost" finished-at="2026-01-28T12:13:38 UTC" duration-ms="64" status="PASS">
          <reporter-output>
          </reporter-output>
        </test-method> <!-- getSinglePost -->
      </class> <!-- tests.JsonPlaceholderGetPostTests -->
    </test> <!-- Default test -->
  </suite> <!-- Default suite -->
</testng-results>
